<?xml version="1.0" encoding="UTF-8"?>
<!-- Generated by org.testng.reporters.JUnitReportReporter -->
<testsuite hostname="Pavanbelliber" failures="0" tests="5" name="Pavanproj.Tests.StandAloneTestPageObject" time="62.390" errors="0" timestamp="2024-12-03T13:40:39 IST" skipped="2">
  <testcase classname="Pavanproj.Tests.StandAloneTestPageObject" name="SubmitOrder" time="10.750">
    <skipped/>
  </testcase> <!-- SubmitOrder -->
  <testcase classname="Pavanproj.Tests.StandAloneTestPageObject" name="SubmitOrder" time="20.351"/>
  <testcase classname="Pavanproj.Tests.StandAloneTestPageObject" name="SubmitOrder" time="20.485"/>
  <testcase classname="Pavanproj.Tests.StandAloneTestPageObject" name="SubmitOrder" time="6.739">
    <skipped/>
  </testcase> <!-- SubmitOrder -->
  <testcase classname="Pavanproj.Tests.StandAloneTestPageObject" name="OrdersList" time="4.065"/>
</testsuite> <!-- Pavanproj.Tests.StandAloneTestPageObject -->
