<?xml version="1.0" encoding="UTF-8"?>
<!-- Generated by org.testng.reporters.JUnitReportReporter -->
<testsuite hostname="Pavanbelliber" failures="0" tests="4" name="Pavanproj.Tests.StandAloneTestPageObject" time="43.494" errors="0" timestamp="2024-12-09T12:55:26 IST" skipped="1">
  <testcase classname="Pavanproj.Tests.StandAloneTestPageObject" name="OrdersList" time="5.101"/>
  <testcase classname="Pavanproj.Tests.StandAloneTestPageObject" name="SubmitOrder" time="10.197">
    <skipped/>
  </testcase> <!-- SubmitOrder -->
  <testcase classname="Pavanproj.Tests.StandAloneTestPageObject" name="SubmitOrder" time="9.227"/>
  <testcase classname="Pavanproj.Tests.StandAloneTestPageObject" name="SubmitOrder" time="18.969"/>
</testsuite> <!-- Pavanproj.Tests.StandAloneTestPageObject -->
